<?xml version="1.0" encoding="UTF-8"?>
<!-- Generated by org.testng.reporters.JUnitReportReporter -->
<testsuite hostname="ESTCNBXK7RKJGML" failures="0" tests="2" name="APITest.APITest" time="2.105" errors="0" timestamp="2021-11-17T22:51:57 EST" skipped="0">
  <testcase classname="APITest.APITest" name="PostAPI_test" time="0.358"/>
  <system-out/>
  <testcase classname="APITest.APITest" name="GetAPI_test" time="1.747"/>
  <system-out/>
</testsuite> <!-- APITest.APITest -->
